{"ts": 1766680627.3541608, "decision_id": "d2223f24-d459-492c-babb-124e3ce086c0", "stage": "AUTHORIZE", "allowed": false, "reason": "Daily spend exceeded", "data": {"action": "approve_loan", "principal": {"id": "agent_b", "role": "agent", "type": "agent", "trust_level": "high"}, "context": {"amount": 300000}}, "hash": "c75e5ab4147135902e121d440517ae684380aeafdbf531ee9a74ee5906456138"}
{"ts": 1766680689.286102, "decision_id": "bf200abe-bfae-41d0-b4bd-08c845b3fd1c", "stage": "AUTHORIZE", "allowed": true, "reason": "Authorized", "data": {"action": "approve_loan", "principal": {"id": "agent_b", "role": "agent", "type": "agent", "trust_level": "high"}, "context": {"amount": 300000}}, "hash": "6c866c2104304eea471194ed1a9b3c0f326f65c82c1e0875a24202e90e53c7a4"}
{"ts": 1766680716.517872, "decision_id": "bf200abe-bfae-41d0-b4bd-08c845b3fd1c", "stage": "EXECUTE", "allowed": true, "reason": "Executed", "data": {"decision_id": "bf200abe-bfae-41d0-b4bd-08c845b3fd1c", "action": "approve_loan", "principal": "agent_b", "exp": 1766680989.2865028}, "hash": "22006b7f1687b6529d7285ceba15d9b58bbb92a0bcb9a26e12cacc41ec89198d"}
{"ts": 1766681650.0621922, "decision_id": "66e4564c-225d-414c-b2ac-b496f863ab6f", "stage": "BREACH", "allowed": false, "reason": "Trust too low", "data": {}, "hash": "877a1995959b9c4bd8556f0f7c3556a9a8724d770b8810ba215ef03fc5dd5e50"}
{"ts": 1766681650.070721, "decision_id": "c9c2eeb1-ccc9-42bb-911b-d4e97c9eadb9", "stage": "TEST", "allowed": true, "reason": "ok", "data": {"ok": true}, "hash": "11087ce209fb1696c747c1f30fd9402c34bb0fa3f8ef58763c0716f6f11a85e8"}
{"ts": 1766681747.311986, "decision_id": "6f7b9e1c-457a-4aef-9d6e-f728afe5b97a", "stage": "AUTHORIZE", "allowed": false, "reason": "Trust too low", "data": {"action": "approve_loan", "principal": {"id": "agent_low", "role": "agent", "type": "agent", "trust_level": "low"}, "context": {"amount": 1000000}}, "hash": "8d3540b749f15554db88f6d770c1cb36ea8fd0956379b4c14ec4720b0360fb90"}
{"ts": 1766681751.6526148, "decision_id": "ac9a28ca-ca5e-461e-b258-61e355551592", "stage": "AUTHORIZE", "allowed": true, "reason": "Authorized", "data": {"action": "approve_loan", "principal": {"id": "agent_b", "role": "agent", "type": "agent", "trust_level": "high"}, "context": {"amount": 300000}}, "hash": "38d3997f9c1b79748d505b5555395edae925041bbfb67ba06ba010f2d4de91e4"}
{"ts": 1766681793.263745, "decision_id": "ac9a28ca-ca5e-461e-b258-61e355551592", "stage": "EXECUTE", "allowed": true, "reason": "Executed", "data": {"decision_id": "ac9a28ca-ca5e-461e-b258-61e355551592", "action": "approve_loan", "principal": "agent_b", "exp": 1766682051.6529238}, "hash": "b96e1b9416446343f19b28e482a41037b35234f0260d766fb10db6e5d29dff53"}
{"ts": 1766681891.458617, "decision_id": "unknown", "stage": "EXECUTE", "allowed": false, "reason": "Not enough segments", "data": {}, "hash": "032481d247b4f9eed1f7682f608dbdff7f40c5e69aa27f3409dc449eed35b158"}
{"ts": 1766681891.483623, "decision_id": "unknown", "stage": "EXECUTE", "allowed": false, "reason": "Not enough segments", "data": {}, "hash": "65e528eddecefeea4936ccc452274db6a7049ab34749dcd202f69d7d6e4e68b5"}
{"ts": 1766681953.576215, "decision_id": "unknown", "stage": "EXECUTE", "allowed": false, "reason": "Principal mismatch", "data": {}, "hash": "b7a1e3ac7c204ae5177efb17770ecd88ec3f9f7c0fe377ca889948f39f69f383"}
{"ts": 1766682027.461954, "decision_id": "unknown", "stage": "EXECUTE", "allowed": false, "reason": "Invalid crypto padding", "data": {}, "hash": "921e708b65fb31ea4e7cc2086bbef7995f4af7dc3244355cbc2454b058128d4e"}
{"ts": 1766682055.1685581, "decision_id": "15e5068e-d787-434a-adfb-274d4b54382c", "stage": "AUTHORIZE", "allowed": true, "reason": "Authorized", "data": {"action": "approve_loan", "principal": {"id": "agent_b", "role": "agent", "type": "agent", "trust_level": "high"}, "context": {"amount": 300000}}, "hash": "6b2badce5b8d65b3b485d2e39d755566cd7df116f0863bcf705df07e4bc318c5"}
{"ts": 1766682099.701823, "decision_id": "15e5068e-d787-434a-adfb-274d4b54382c", "stage": "EXECUTE", "allowed": true, "reason": "Executed", "data": {"decision_id": "15e5068e-d787-434a-adfb-274d4b54382c", "action": "approve_loan", "principal": "agent_b", "exp": 1766682355.169129}, "hash": "2fce1e79ff3bea0e686958487c03f1f1e7cb76a5cb2f6d15189bc7e964883e61"}
{"ts": 1766682211.829063, "decision_id": "63ae1595-23c6-48ae-9125-cc139669e21f", "stage": "AUTHORIZE", "allowed": true, "reason": "Authorized", "data": {"action": "approve_loan", "principal": {"id": "agent_b", "role": "agent", "type": "agent", "trust_level": "high"}, "context": {"amount": 300000}}, "hash": "ba0b4817b7b27212754f13a03bb89e52bde747e9434eae4a38596757e879e178"}
{"ts": 1766682245.403313, "decision_id": "63ae1595-23c6-48ae-9125-cc139669e21f", "stage": "EXECUTE", "allowed": true, "reason": "Executed", "data": {"jti": "0cabfb68-e9de-4403-bebd-d79aa91afcbe", "decision_id": "63ae1595-23c6-48ae-9125-cc139669e21f", "action": "approve_loan", "principal": "agent_b", "exp": 1766682511.829602}, "hash": "58486168f89c7649ee7d98121175c956490cda3c5b92ca5d1ec30504a4a30374"}
{"ts": 1766682278.597078, "decision_id": "unknown", "stage": "EXECUTE", "allowed": false, "reason": "Replay detected: token already used", "data": {}, "hash": "5891b62e7a63965f43f44f16663fbaef29626770239be9c1e42ce1ca609e59dc"}
{"ts": 1766682471.761908, "decision_id": "646b546a-a013-4140-980b-3e313df85215", "stage": "AUTHORIZE", "allowed": true, "reason": "Authorized", "data": {"action": "approve_loan", "principal": {"id": "agent_b", "role": "agent", "type": "agent", "trust_level": "high"}, "context": {"amount": 300000}}, "hash": "82dfc7ad997e1a604e49f4483a39dd261bbcfe4c54dcc658d86f459a3c1931e2"}
{"ts": 1766682505.556729, "decision_id": "646b546a-a013-4140-980b-3e313df85215", "stage": "EXECUTE", "allowed": true, "reason": "Executed", "data": {"jti": "eb7bd882-ec7e-47e2-8e52-89c6a00d321f", "decision_id": "646b546a-a013-4140-980b-3e313df85215", "action": "approve_loan", "principal": "agent_b", "exp": 1766682771.7623858}, "hash": "54e27e09a3be6898ba0e41166a6ec30f0ed32527f287b8f1dc0d298e8f0007c3"}
{"ts": 1766682505.57264, "decision_id": "unknown", "stage": "EXECUTE", "allowed": false, "reason": "Replay detected", "data": {}, "hash": "e24acd2588c8a7976b1c0bd8efacccd3dfccb2f290c71be2a66bd8a59a7f5678"}
{"ts": 1766682515.617661, "decision_id": "unknown", "stage": "EXECUTE", "allowed": false, "reason": "Not enough segments", "data": {}, "hash": "dce37181d001eee7aa151c3458f2596131f6536cc030e4bfcaf7d6b51db942a3"}
{"ts": 1766682515.6323788, "decision_id": "unknown", "stage": "EXECUTE", "allowed": false, "reason": "Not enough segments", "data": {}, "hash": "110d382ff4b0132058d7c2d456a0a9892077666e1c11bfd7ae0a8727fad18b74"}
{"ts": 1766682515.644862, "decision_id": "unknown", "stage": "EXECUTE", "allowed": false, "reason": "Not enough segments", "data": {}, "hash": "41d98ba2f0be725be87129bd5c409fc47c6aba5ca8dc08b488651ed9bef10dee"}
{"ts": 1766682515.65578, "decision_id": "unknown", "stage": "EXECUTE", "allowed": false, "reason": "Not enough segments", "data": {}, "hash": "956cb483094d654b5c8754a1fc77a7fe4657d092bc23d425ddc9b4f6243e6657"}
{"ts": 1766682515.665277, "decision_id": "unknown", "stage": "EXECUTE", "allowed": false, "reason": "Not enough segments", "data": {}, "hash": "a16b2daace51997c1729b7843226373cf76bad85d7892f1d96786a04646d4273"}
{"ts": 1766682515.674677, "decision_id": "unknown", "stage": "EXECUTE", "allowed": false, "reason": "Not enough segments", "data": {}, "hash": "3f0dde8f61c8539197489f958213f2787b45829b82b0086dc87c45aeb2851f1c"}
{"ts": 1766682515.684104, "decision_id": "unknown", "stage": "EXECUTE", "allowed": false, "reason": "Not enough segments", "data": {}, "hash": "ec9c1d6b68feefabeadfc24a6a01b50b3a6d0a4998b335c9b4c307134b298523"}
{"ts": 1766682515.693043, "decision_id": "unknown", "stage": "EXECUTE", "allowed": false, "reason": "Not enough segments", "data": {}, "hash": "195a8b46bccbc3c48e7ea71d4ba04433db0032674af117e39d9e00b3cc103ecb"}
{"ts": 1766682515.702611, "decision_id": "unknown", "stage": "EXECUTE", "allowed": false, "reason": "Not enough segments", "data": {}, "hash": "93f9d39778b9aa92e69125d4a7089919698ed929c533ce169e1d7f6f413d5d4b"}
{"ts": 1766682515.711861, "decision_id": "unknown", "stage": "EXECUTE", "allowed": false, "reason": "Not enough segments", "data": {}, "hash": "8cdcabcf8a9de196acd539d2646a1175e17617b124f599eaf714b9a634650eec"}
{"ts": 1766682515.721069, "decision_id": "unknown", "stage": "EXECUTE", "allowed": false, "reason": "Not enough segments", "data": {}, "hash": "595b5ad4e5869e48fab32aad14c28a224d0cca60c14f642890f0b24fd65cd1b1"}
{"ts": 1766682515.73056, "decision_id": "unknown", "stage": "EXECUTE", "allowed": false, "reason": "Not enough segments", "data": {}, "hash": "a5d3de7325b467a4a02b2ad4434c516ce819545e3e1ba5aecebbcf34dd3e43ac"}
